2026-02-23 19:10:36 - INFO - ============================================================
2026-02-23 19:10:36 - INFO - Starting market_data_feeder simulator
2026-02-23 19:10:36 - INFO -   API Base: http://localhost:8000/api/v1
2026-02-23 19:10:36 - INFO -   Data File: ./data/market_data.csv
2026-02-23 19:10:36 - INFO -   Heartbeat Interval: 30s
2026-02-23 19:10:36 - INFO -   File Update Interval: 240s
2026-02-23 19:10:36 - INFO - ============================================================
2026-02-23 19:10:36 - INFO - Heartbeat sent: market_data_feeder (level=2)
2026-02-23 19:10:36 - INFO - File updated: ./data/market_data.csv - Added GOOGL @ $420.45
2026-02-23 19:11:06 - INFO - Heartbeat sent: market_data_feeder (level=2)
2026-02-23 19:11:36 - INFO - Heartbeat sent: market_data_feeder (level=2)
2026-02-23 19:12:06 - INFO - Heartbeat sent: market_data_feeder (level=2)
2026-02-23 19:12:36 - INFO - Heartbeat sent: market_data_feeder (level=2)
2026-02-23 19:13:06 - INFO - Heartbeat sent: market_data_feeder (level=2)
2026-02-23 19:13:36 - INFO - Heartbeat sent: market_data_feeder (level=2)
2026-02-23 19:14:06 - INFO - Heartbeat sent: market_data_feeder (level=2)
2026-02-23 19:14:36 - INFO - Heartbeat sent: market_data_feeder (level=2)
2026-02-23 19:14:36 - INFO - File updated: ./data/market_data.csv - Added GOOGL @ $264.92
2026-02-23 19:15:06 - INFO - Heartbeat sent: market_data_feeder (level=2)
2026-02-23 19:15:36 - INFO - Heartbeat sent: market_data_feeder (level=2)
2026-02-23 19:16:06 - INFO - Heartbeat sent: market_data_feeder (level=2)
2026-02-23 19:16:36 - INFO - Heartbeat sent: market_data_feeder (level=2)
2026-02-23 19:17:06 - INFO - Heartbeat sent: market_data_feeder (level=2)
2026-02-23 19:17:36 - INFO - Heartbeat sent: market_data_feeder (level=2)
2026-02-23 19:18:06 - INFO - Heartbeat sent: market_data_feeder (level=2)
2026-02-23 19:18:36 - INFO - Heartbeat sent: market_data_feeder (level=2)
2026-02-23 19:18:36 - INFO - File updated: ./data/market_data.csv - Added GOOGL @ $273.56
2026-02-23 19:19:06 - INFO - Heartbeat sent: market_data_feeder (level=2)
2026-02-23 19:19:36 - INFO - Heartbeat sent: market_data_feeder (level=2)
2026-02-23 19:20:06 - INFO - Heartbeat sent: market_data_feeder (level=2)
2026-02-23 19:20:36 - INFO - Heartbeat sent: market_data_feeder (level=2)
2026-02-23 19:21:06 - INFO - Heartbeat sent: market_data_feeder (level=2)
2026-02-23 19:21:36 - INFO - Heartbeat sent: market_data_feeder (level=2)
2026-02-23 19:22:06 - INFO - Heartbeat sent: market_data_feeder (level=2)
2026-02-23 19:22:36 - INFO - Heartbeat sent: market_data_feeder (level=2)
2026-02-23 19:22:36 - INFO - File updated: ./data/market_data.csv - Added AAPL @ $169.44
2026-02-23 19:23:06 - INFO - Heartbeat sent: market_data_feeder (level=2)
2026-02-23 19:23:36 - INFO - Heartbeat sent: market_data_feeder (level=2)
2026-02-23 19:24:06 - INFO - Heartbeat sent: market_data_feeder (level=2)
2026-02-23 19:24:36 - INFO - Heartbeat sent: market_data_feeder (level=2)
